Microsoft (R) Macro Assembler Version 14.29.30146.0	    11/18/22 13:08:08
<Project 5: Arrays, Addressing, and Stack Passed Parameters   Page 1 - 1


				TITLE Project 5: Arrays, Addressing, and Stack Passed Parameters     (Proj5_dyerma.asm)

				; Author: Matthew Dyer
				; Last Modified: 11/14/22
				; OSU email address: dyerma@oregonstate.edu
				; Course number/section:   CS271/Fall 2022
				; Project Number: 5              Due Date: 11/20/22
				; Description: This program will introduce itself by supplying the program title and author.
				;	Then it will generate ARRAYSIZE amount of numbers between LO and HI, inclusive. The program
				;	will then sort those numbers in ascending order, display the median of the list of numbers,
				;	then display the sorted list. Lastly the program will count up each instance of each number,
				;	and display those counts starting with the lowest value. The program will end with an outtro,
				;	thanking the user for using the program.

				INCLUDE Irvine32.inc
			      C ; Include file for Irvine32.lib             (Irvine32.inc)
			      C 
			      C ;OPTION CASEMAP:NONE		; optional: make identifiers case-sensitive
			      C 
			      C INCLUDE SmallWin.inc		; MS-Windows prototypes, structures, and constants
			      C .NOLIST
			      C .LIST
			      C 
			      C INCLUDE VirtualKeys.inc
			      C ; VirtualKeys.inc
			      C .NOLIST
			      C .LIST
			      C 
			      C 
			      C .NOLIST
			      C .LIST
			      C 

 = 000000C8			ARRAYSIZE = 200
 = 0000000F			LO = 15
 = 00000032			HI = 50

 00000000			.data

				; (insert variable definitions here)
 00000000 47 65 6E 65 72	intro1			BYTE	"Generating, Sorting, and Counting Random Integers! Programmed by Matthew Dyer",13,10,13,10,
	   61 74 69 6E 67
	   2C 20 53 6F 72
	   74 69 6E 67 2C
	   20 61 6E 64 20
	   43 6F 75 6E 74
	   69 6E 67 20 52
	   61 6E 64 6F 6D
	   20 49 6E 74 65
	   67 65 72 73 21
	   20 50 72 6F 67
	   72 61 6D 6D 65
	   64 20 62 79 20
	   4D 61 74 74 68
	   65 77 20 44 79
	   65 72 0D 0A 0D
	   0A 54 68 69 73
	   20 70 72 6F 67
	   72 61 6D 20 67
	   65 6E 65 72 61
	   74 65 73 20 32
	   30 30 20 72 61
	   6E 64 6F 6D 20
	   69 6E 74 65 67
	   65 72 73 20 62
	   65 74 77 65 65
	   6E 20 31 35 20
	   61 6E 64 20 35
	   30 2C 20 69 6E
	   63 6C 75 73 69
	   76 65 2E 00
										"This program generates 200 random integers between 15 and 50, inclusive.",0
 0000009A 49 74 20 74 68	intro2			BYTE	"It then displays the original list, sorts the list, displays the median value of the list,",13,10,
	   65 6E 20 64 69
	   73 70 6C 61 79
	   73 20 74 68 65
	   20 6F 72 69 67
	   69 6E 61 6C 20
	   6C 69 73 74 2C
	   20 73 6F 72 74
	   73 20 74 68 65
	   20 6C 69 73 74
	   2C 20 64 69 73
	   70 6C 61 79 73
	   20 74 68 65 20
	   6D 65 64 69 61
	   6E 20 76 61 6C
	   75 65 20 6F 66
	   20 74 68 65 20
	   6C 69 73 74 2C
	   0D 0A 64 69 73
	   70 6C 61 79 73
	   20 74 68 65 20
	   6C 69 73 74 20
	   73 6F 72 74 65
	   64 20 69 6E 20
	   61 73 63 65 6E
	   64 69 6E 67 20
	   6F 72 64 65 72
	   2C 20 61 6E 64
	   20 66 69 6E 61
	   6C 6C 79 20 64
	   69 73 70 6C 61
	   79 73 20 74 68
	   65 20 6E 75 6D
	   62 65 72 20 6F
	   66 20 69 6E 73
	   74 61 6E 63 65
	   73 0D 0A 6F 66
	   20 65 61 63 68
	   20 67 65 6E 65
	   72 61 74 65 64
	   20 76 61 6C 75
	   65 2C 20 73 74
	   61 72 74 69 6E
	   67 20 77 69 74
	   68 20 74 68 65
	   20 6C 6F 77 65
	   73 74 20 6E 75
	   6D 62 65 72 2E
	   0D 0A 00
										"displays the list sorted in ascending order, and finally displays the number of instances",13,10,
										"of each generated value, starting with the lowest number.",13,10,0
 0000018D  000000C8 [		randArray		DWORD	ARRAYSIZE	DUP(?)
	    00000000
	   ]
 000004AD 20 00			space			BYTE	" ",0
 000004AF 59 6F 75 72 20	unsortedString	BYTE	"Your unsorted random numbers:",0
	   75 6E 73 6F 72
	   74 65 64 20 72
	   61 6E 64 6F 6D
	   20 6E 75 6D 62
	   65 72 73 3A 00
 000004CD 54 68 65 20 6D	medianString	BYTE	"The median value of the array: ",0
	   65 64 69 61 6E
	   20 76 61 6C 75
	   65 20 6F 66 20
	   74 68 65 20 61
	   72 72 61 79 3A
	   20 00
 000004ED 59 6F 75 72 20	sortedString	BYTE	"Your sorted random numbers:",0
	   73 6F 72 74 65
	   64 20 72 61 6E
	   64 6F 6D 20 6E
	   75 6D 62 65 72
	   73 3A 00
 00000509 59 6F 75 72 20	instanceString	BYTE	"Your list of instances of each generated number, starting with the smallest value:",0
	   6C 69 73 74 20
	   6F 66 20 69 6E
	   73 74 61 6E 63
	   65 73 20 6F 66
	   20 65 61 63 68
	   20 67 65 6E 65
	   72 61 74 65 64
	   20 6E 75 6D 62
	   65 72 2C 20 73
	   74 61 72 74 69
	   6E 67 20 77 69
	   74 68 20 74 68
	   65 20 73 6D 61
	   6C 6C 65 73 74
	   20 76 61 6C 75
	   65 3A 00
 0000055C 47 6F 6F 64 62	outtro			BYTE	"Goodbye, and thanks for using my program!",13,10,0
	   79 65 2C 20 61
	   6E 64 20 74 68
	   61 6E 6B 73 20
	   66 6F 72 20 75
	   73 69 6E 67 20
	   6D 79 20 70 72
	   6F 67 72 61 6D
	   21 0D 0A 00
 00000588  00000024 [		countArray		DWORD	HI-LO+1	DUP(0)	
	    00000000
	   ]
 00000618 00000024		countLength		DWORD	LENGTHOF countArray
 0000061C 000000C8		arrayLength		DWORD	LENGTHOF randArray
 00000000			.code

 00000000			main PROC

				; Initialize starting seed value of the RandomRange procedure
 00000000  E8 00000000 E		CALL	Randomize

				; Introduce the title and author, and describe the program
 00000005  68 00000000 R		PUSH	OFFSET	intro1
 0000000A  68 0000009A R		PUSH	OFFSET	intro2
 0000000F  E8 000000AF			CALL	introduction

				; Generate ARRAYSIZE random numbers between LO and HI inclusive, and store them consecutively in an array
 00000014  68 0000018D R		PUSH	OFFSET	randArray
 00000019  E8 000000C8			CALL	fillArray

				; Loop through randArray and print all numbers, 10 per line
 0000001E  FF 35 0000061C R		PUSH	arrayLength
 00000024  68 0000018D R		PUSH	OFFSET	randArray
 00000029  68 000004AD R		PUSH	OFFSET	space
 0000002E  68 000004AF R		PUSH	OFFSET	unsortedString
 00000033  E8 0000017E			CALL	displayList
 00000038  E8 00000000 E		CALL	CrLf

				; Sort randArray in ascending order
 0000003D  68 0000018D R		PUSH	OFFSET	randArray
 00000042  E8 000000CC			CALL	sortList

				; Calculate the median number and display it
 00000047  68 0000018D R		PUSH	OFFSET	randArray
 0000004C  68 000004CD R		PUSH	OFFSET	medianString
 00000051  E8 00000108			CALL	displayMedian
 00000056  E8 00000000 E		CALL	CrLf
 0000005B  E8 00000000 E		CALL	CrLf

				; Display the sorted array
 00000060  FF 35 0000061C R		PUSH	arrayLength
 00000066  68 0000018D R		PUSH	OFFSET	randArray
 0000006B  68 000004AD R		PUSH	OFFSET	space
 00000070  68 000004ED R		PUSH	OFFSET	sortedString
 00000075  E8 0000013C			CALL	displayList
 0000007A  E8 00000000 E		CALL	CrLf

				; Count each instance of each number and place those counts in new array (countArray)
 0000007F  68 00000588 R		PUSH	OFFSET	countArray
 00000084  68 0000018D R		PUSH	OFFSET	randArray
 00000089  E8 00000175			CALL	countList

				; Display countArray
 0000008E  FF 35 00000618 R		PUSH	countLength
 00000094  68 00000588 R		PUSH	OFFSET	countArray
 00000099  68 000004AD R		PUSH	OFFSET	space
 0000009E  68 00000509 R		PUSH	OFFSET	instanceString
 000000A3  E8 0000010E			CALL	displayList
 000000A8  E8 00000000 E		CALL	CrLf
 000000AD  E8 00000000 E		CALL	CrLf

				; Goodbye to user
 000000B2  68 0000055C R		PUSH	OFFSET	outtro
 000000B7  E8 0000017F			CALL	goodbye

					Invoke ExitProcess,0	; exit to operating system
 000000BC  6A 00	   *	    push   +000000000h
 000000BE  E8 00000000 E   *	    call   ExitProcess
 000000C3			main ENDP

				;-----------------------------------------------------------------------------------------
				; Name: introduction
				;
				; Introduces the user to the program with title, author name, and description of program
				;
				; Preconditions: None
				;
				; Postconditions: None
				;
				; Receives: intro1 and intro2 by reference
				;
				; Returns: None
				;
				;-----------------------------------------------------------------------------------------
 000000C3			introduction PROC
 000000C3  55				PUSH	EBP
 000000C4  8B EC			MOV		EBP, ESP
 000000C6  52				PUSH	EDX
 000000C7  8B 55 0C			MOV		EDX, [EBP+12]
 000000CA  E8 00000000 E		CALL	WriteString
 000000CF  E8 00000000 E		CALL	CrLf
 000000D4  8B 55 08			MOV		EDX, [EBP+8]
 000000D7  E8 00000000 E		CALL	WriteString
 000000DC  E8 00000000 E		CALL	CrLf
 000000E1  5A				POP		EDX
 000000E2  5D				POP		EBP
 000000E3  C2 0008			RET		8
 000000E6			introduction ENDP
				;-----------------------------------------------------------------------------------------

				;-----------------------------------------------------------------------------------------
				; Name: fillArray
				;
				; Generates random numbers within inclusive bounds of LO to HI, ARRAYSIZE amount of times,
				;	filling randArray.	
				;
				; Preconditions: array filled with DWORDS
				;
				; Postconditions: NONE
				;
				; Receives: empty randArray by reference
				;
				; Returns: filled randArray by reference
				;
				;-----------------------------------------------------------------------------------------
 000000E6			fillArray PROC
 000000E6  55				PUSH	EBP	
 000000E7  8B EC			MOV		EBP, ESP
 000000E9  50				PUSH	EAX
 000000EA  51				PUSH	ECX
 000000EB  57				PUSH	EDI
 000000EC  B9 000000C8			MOV		ECX, ARRAYSIZE
 000000F1  8B 7D 08			MOV		EDI, [EBP+8]
 000000F4				_fillLoop:
				; Subtract LO from HI and add 1, take that number and generate a random one between 0 and that number,
				;	then add LO to random number. This will give number between LO and HI, inclusive
 000000F4  B8 00000032				MOV		EAX, HI
 000000F9  83 E8 0F				SUB		EAX, LO
 000000FC  40					INC		EAX				
 000000FD  E8 00000000 E			CALL	RandomRange
 00000102  83 C0 0F				ADD		EAX, LO
 00000105  89 07				MOV		[EDI], EAX
 00000107  83 C7 04				ADD		EDI, 4
 0000010A  E2 E8				LOOP	_fillLoop
 0000010C  5F				POP		EDI
 0000010D  59				POP		ECX
 0000010E  58				POP		EAX
 0000010F  5D				POP		EBP
 00000110  C2 0004			RET		4
 00000113			fillArray ENDP
				;-----------------------------------------------------------------------------------------

				;-----------------------------------------------------------------------------------------
				; Name: sortList
				;
				; Takes randArray and bubble sorts it in ascending order, returning a sorted array.
				;
				; Preconditions: array filled with DWORDS
				;
				; Postconditions: None
				;
				; Receives: unsorted randArray by reference
				;
				; Returns: sorted randArray by reference
				;
				;-----------------------------------------------------------------------------------------
 00000113			sortList PROC
 00000113  55				PUSH	EBP
 00000114  8B EC			MOV		EBP, ESP
 00000116  56				PUSH	ESI
 00000117  51				PUSH	ECX
 00000118  52				PUSH	EDX
 00000119				_sortLoop:
 00000119  BA 00000000				MOV		EDX, 0			; Exchange made boolean, 1 if exchange was made, 0 if not
 0000011E  8B 75 08				MOV		ESI, [EBP+8]
 00000121  B9 000000C8				MOV		ECX, ARRAYSIZE
 00000126  49					DEC		ECX
 00000127					_exchangeLoop:
 00000127  8B 06					MOV		EAX, [ESI]
 00000129  3B 46 04					CMP		EAX, [ESI+4]
 0000012C  7E 0B					JLE		_noExchange
				; Push the array onto the stack as a by reference param for exhangeElements, set EDX to 1 to flag as exchange made
 0000012E  56						PUSH	ESI
 0000012F  E8 00000016					CALL	exchangeElements
 00000134  BA 00000001					MOV		EDX, 1

 00000139						_noExchange:
 00000139  83 C6 04						ADD		ESI, 4
 0000013C  E2 E9						LOOP	_exchangeLoop
				; If EDX is 1, an exchange was made, so start the loop again
 0000013E  83 FA 01					CMP		EDX, 1
 00000141  74 D6					JE		_sortLoop

 00000143  5A				POP		EDX
 00000144  59				POP		ECX
 00000145  5E				POP		ESI
 00000146  5D				POP		EBP
 00000147  C2 0004			RET		4
 0000014A			sortList ENDP
				;-----------------------------------------------------------------------------------------

				;-----------------------------------------------------------------------------------------
				; Name: exchangeElements
				;
				; Exchanges adjacent elements in an array
				;
				; Preconditions: DWORD sized elements
				;
				; Postconditions: None
				;
				; Receives:	randArray by reference
				;
				; Returns: randArray by reference
				;
				;-----------------------------------------------------------------------------------------
 0000014A			exchangeElements PROC
 0000014A  55				PUSH	EBP
 0000014B  8B EC			MOV		EBP, ESP
 0000014D  8B 75 08			MOV		ESI, [EBP+8]
 00000150  8B 06			MOV		EAX, [ESI]
 00000152  8B 5E 04			MOV		EBX, [ESI+4]
 00000155  89 46 04			MOV		[ESI+4], EAX
 00000158  89 1E			MOV		[ESI], EBX
 0000015A  5D				POP		EBP
 0000015B  C2 0004			RET		4
 0000015E			exchangeElements ENDP
				;-----------------------------------------------------------------------------------------

				;-----------------------------------------------------------------------------------------
				; Name: displayMedian
				;
				; Finds and displays the median element in array. If array has odd amount of elements, 
				;	finds the middle element. If array has even amount of elements, finds the middle 2
				;	elements, and finds the average between them, rounding up.
				;
				; Preconditions: DWORD sized elements
				;
				; Postconditions: None
				;
				; Receives: randArray by reference, medianString by reference
				;
				; Returns: Writes median found to terminal
				;
				;-----------------------------------------------------------------------------------------
 0000015E			displayMedian PROC
 0000015E  55				PUSH	EBP
 0000015F  8B EC			MOV		EBP, ESP
 00000161  56				PUSH	ESI
 00000162  50				PUSH	EAX
 00000163  53				PUSH	EBX
 00000164  52				PUSH	EDX
 00000165  8B 75 0C			MOV		ESI, [EBP+12]
				; Check if ARRAYSIZE is even or odd
 00000168  B8 000000C8			MOV		EAX, ARRAYSIZE
 0000016D  BB 00000002			MOV		EBX, 2
 00000172  99				CDQ
 00000173  F7 F3			DIV		EBX
 00000175  83 FA 00			CMP		EDX, 0
 00000178  74 0B			JE		_isEven
				; If odd, find the middle element
 0000017A  8B 55 08			MOV		EDX, [EBP+8]
 0000017D  8B 86 00000190		MOV		EAX, [ESI+((4*ARRAYSIZE+1)/2)]
 00000183  EB 1F			JMP		_medianFound
 00000185				_isEven:
 00000185  8B 86 00000190			MOV		EAX, [ESI+4*ARRAYSIZE/2]
 0000018B  8B 9E 00000194			MOV		EBX, [ESI+(4*ARRAYSIZE/2)+4]		; EAX = middle element, EBX = middle element +1	
 00000191  03 C3				ADD		EAX, EBX
 00000193  BB 00000002				MOV		EBX, 2
 00000198  99					CDQ
 00000199  F7 F3				DIV		EBX
 0000019B  83 FA 01				CMP		EDX, 1			; we divide by 2 so if remainder (EDX) is 1, then decimal would end in .5, so round up
 0000019E  75 01				JNE		_dontRound
 000001A0  40					INC		EAX
 000001A1					_dontRound:
 000001A1  8B 55 08					MOV		EDX, [EBP+8]
 000001A4				_medianFound:
 000001A4  E8 00000000 E			CALL	WriteString
 000001A9  E8 00000000 E			CALL	WriteDec
 000001AE  5A					POP		EDX
 000001AF  5B					POP		EBX
 000001B0  58					POP		EAX
 000001B1  5E					POP		ESI
 000001B2  5D					POP		EBP
 000001B3  C2 0008				RET		8
 000001B6			displayMedian ENDP
				;-----------------------------------------------------------------------------------------

				;-----------------------------------------------------------------------------------------
				; Name: displayList
				;
				; Displays the array to the terminal, 20 elements per line, each with 1 space between them.
				;
				; Preconditions: DWORD sized elements
				;
				; Postconditions: None
				;
				; Receives: someTitle string and space string by reference, someArray by reference,
				;	someArraySize by value
				;
				; Returns: Writes list to terminal
				;
				;-----------------------------------------------------------------------------------------
 000001B6			displayList PROC
 000001B6  55				PUSH	EBP
 000001B7  8B EC			MOV		EBP, ESP
 000001B9  50				PUSH	EAX
 000001BA  53				PUSH	EBX
 000001BB  51				PUSH	ECX
 000001BC  52				PUSH	EDX
 000001BD  56				PUSH	ESI
 000001BE  BB 00000000			MOV		EBX, 0
 000001C3  8B 75 10			MOV		ESI, [EBP+16]
 000001C6  8B 55 08			MOV		EDX, [EBP+8]
 000001C9  8B 4D 14			MOV		ECX, [EBP+20]
 000001CC  E8 00000000 E		CALL	WriteString
 000001D1  E8 00000000 E		CALL	CrLf
 000001D6  8B 55 0C			MOV		EDX, [EBP+12]
 000001D9				_displayLoop:
 000001D9  8B 06				MOV		EAX, [ESI]
 000001DB  E8 00000000 E			CALL	WriteDec
 000001E0  E8 00000000 E			CALL	WriteString
 000001E5  83 C6 04				ADD		ESI, 4
 000001E8  43					INC		EBX
 000001E9  83 FB 14				CMP		EBX, 20
 000001EC  7C 0A				JL		_noNewLine
 000001EE  E8 00000000 E			CALL	CrLf
 000001F3  BB 00000000				MOV		EBX, 0
 000001F8					_noNewLine:
 000001F8  E2 DF					LOOP	_displayLoop
 000001FA  5E				POP		ESI
 000001FB  5A				POP		EDX
 000001FC  59				POP		ECX
 000001FD  5B				POP		EBX
 000001FE  58				POP		EAX
 000001FF  5D				POP		EBP
 00000200  C2 0010			RET		16	
 00000203			displayList ENDP
				;-----------------------------------------------------------------------------------------

				;-----------------------------------------------------------------------------------------
				; Name: countList
				;
				; Counts the instances of each element in a provided array, and places those counts in a new
				;	array.
				;
				; Preconditions: DWORD sized elements
				;
				; Postconditions: None
				;
				; Receives: randArray by reference
				;
				; Returns: countArray by reference
				;
				;-----------------------------------------------------------------------------------------
 00000203			countList PROC
 00000203  55				PUSH	EBP
 00000204  8B EC			MOV		EBP, ESP
 00000206  56				PUSH	ESI
 00000207  57				PUSH	EDI
 00000208  50				PUSH	EAX
 00000209  53				PUSH	EBX
 0000020A  51				PUSH	ECX
 0000020B  8B 75 08			MOV		ESI, [EBP+8]	; randArray
 0000020E  8B 7D 0C			MOV		EDI, [EBP+12]	; countArray
 00000211  BB 0000000F			MOV		EBX, LO
 00000216  B9 000000C8			MOV		ECX, ARRAYSIZE
 0000021B				_countLoop:
 0000021B  8B 06				MOV		EAX, [ESI]
 0000021D  83 C6 04				ADD		ESI, 4
 00000220  3B C3				CMP		EAX, EBX
 00000222  75 06				JNE		_noMatch
 00000224  FF 07				INC		DWORD PTR [EDI]
 00000226  8B 17				MOV		EDX, [EDI]
 00000228  EB 06				JMP		_matchFound
 0000022A					_noMatch:
 0000022A  83 C7 04					ADD		EDI, 4
 0000022D  FF 07					INC		DWORD PTR [EDI]
 0000022F  43						INC		EBX
 00000230					_matchFound:
 00000230  E2 E9					LOOP	_countLoop
 00000232  59				POP		ECX
 00000233  5B				POP		EBX
 00000234  58				POP		EAX
 00000235  5F				POP		EDI
 00000236  5E				POP		ESI
 00000237  5D				POP		EBP
 00000238  C2 0008			RET		8
 0000023B			countList ENDP
				;-----------------------------------------------------------------------------------------

				;-----------------------------------------------------------------------------------------
				; Name: goodbye
				;
				; Says goodbye to the user
				;
				; Preconditions: None
				;
				; Postconditions: None
				;
				; Receives: outtro string by reference
				;
				; Returns: Writes outtro to terminal
				;
				;-----------------------------------------------------------------------------------------
 0000023B			goodbye	PROC
 0000023B  55				PUSH	EBP
 0000023C  8B EC			MOV		EBP, ESP
 0000023E  52				PUSH	EDX
 0000023F  8B 55 08			MOV		EDX, [EBP+8]
 00000242  E8 00000000 E		CALL	WriteString
 00000247  5D				POP		EBP
 00000248  C2 0004			RET		4
 0000024B			goodbye ENDP
				;-----------------------------------------------------------------------------------------

				END main
Microsoft (R) Macro Assembler Version 14.29.30146.0	    11/18/22 13:08:08
<Project 5: Arrays, Addressing, and Stack Passed Parameters   Symbols 2 - 1




Structures and Unions:

                N a m e                  Size
                                         Offset      Type

CONSOLE_CURSOR_INFO  . . . . . .	 00000008
  dwSize . . . . . . . . . . . .	 00000000	 DWord
  bVisible . . . . . . . . . . .	 00000004	 DWord
CONSOLE_SCREEN_BUFFER_INFO . . .	 00000016
  dwSize . . . . . . . . . . . .	 00000000	 DWord
  dwCursorPosition . . . . . . .	 00000004	 DWord
  wAttributes  . . . . . . . . .	 00000008	 Word
  srWindow . . . . . . . . . . .	 0000000A	 QWord
  dwMaximumWindowSize  . . . . .	 00000012	 DWord
COORD  . . . . . . . . . . . . .	 00000004
  X  . . . . . . . . . . . . . .	 00000000	 Word
  Y  . . . . . . . . . . . . . .	 00000002	 Word
FILETIME . . . . . . . . . . . .	 00000008
  loDateTime . . . . . . . . . .	 00000000	 DWord
  hiDateTime . . . . . . . . . .	 00000004	 DWord
FOCUS_EVENT_RECORD . . . . . . .	 00000004
  bSetFocus  . . . . . . . . . .	 00000000	 DWord
FPU_ENVIRON  . . . . . . . . . .	 0000001C
  controlWord  . . . . . . . . .	 00000000	 Word
  statusWord . . . . . . . . . .	 00000004	 Word
  tagWord  . . . . . . . . . . .	 00000008	 Word
  instrPointerOffset . . . . . .	 0000000C	 DWord
  instrPointerSelector . . . . .	 00000010	 DWord
  operandPointerOffset . . . . .	 00000014	 DWord
  operandPointerSelector . . . .	 00000018	 Word
INPUT_RECORD . . . . . . . . . .	 00000014
  EventType  . . . . . . . . . .	 00000000	 Word
  Event  . . . . . . . . . . . .	 00000004	 XmmWord
  bKeyDown . . . . . . . . . . .	 00000000	 DWord
  wRepeatCount . . . . . . . . .	 00000004	 Word
  wVirtualKeyCode  . . . . . . .	 00000006	 Word
  wVirtualScanCode . . . . . . .	 00000008	 Word
  uChar  . . . . . . . . . . . .	 0000000A	 Word
  UnicodeChar  . . . . . . . . .	 00000000	 Word
  AsciiChar  . . . . . . . . . .	 00000000	 Byte
  dwControlKeyState  . . . . . .	 0000000C	 DWord
  dwMousePosition  . . . . . . .	 00000000	 DWord
  dwButtonState  . . . . . . . .	 00000004	 DWord
  dwMouseControlKeyState . . . .	 00000008	 DWord
  dwEventFlags . . . . . . . . .	 0000000C	 DWord
  dwSize . . . . . . . . . . . .	 00000000	 DWord
  dwCommandId  . . . . . . . . .	 00000000	 DWord
  bSetFocus  . . . . . . . . . .	 00000000	 DWord
KEY_EVENT_RECORD . . . . . . . .	 00000010
  bKeyDown . . . . . . . . . . .	 00000000	 DWord
  wRepeatCount . . . . . . . . .	 00000004	 Word
  wVirtualKeyCode  . . . . . . .	 00000006	 Word
  wVirtualScanCode . . . . . . .	 00000008	 Word
  uChar  . . . . . . . . . . . .	 0000000A	 Word
  UnicodeChar  . . . . . . . . .	 00000000	 Word
  AsciiChar  . . . . . . . . . .	 00000000	 Byte
  dwControlKeyState  . . . . . .	 0000000C	 DWord
MENU_EVENT_RECORD  . . . . . . .	 00000004
  dwCommandId  . . . . . . . . .	 00000000	 DWord
MOUSE_EVENT_RECORD . . . . . . .	 00000010
  dwMousePosition  . . . . . . .	 00000000	 DWord
  dwButtonState  . . . . . . . .	 00000004	 DWord
  dwMouseControlKeyState . . . .	 00000008	 DWord
  dwEventFlags . . . . . . . . .	 0000000C	 DWord
SMALL_RECT . . . . . . . . . . .	 00000008
  Left . . . . . . . . . . . . .	 00000000	 Word
  Top  . . . . . . . . . . . . .	 00000002	 Word
  Right  . . . . . . . . . . . .	 00000004	 Word
  Bottom . . . . . . . . . . . .	 00000006	 Word
SYSTEMTIME . . . . . . . . . . .	 00000010
  wYear  . . . . . . . . . . . .	 00000000	 Word
  wMonth . . . . . . . . . . . .	 00000002	 Word
  wDayOfWeek . . . . . . . . . .	 00000004	 Word
  wDay . . . . . . . . . . . . .	 00000006	 Word
  wHour  . . . . . . . . . . . .	 00000008	 Word
  wMinute  . . . . . . . . . . .	 0000000A	 Word
  wSecond  . . . . . . . . . . .	 0000000C	 Word
  wMilliseconds  . . . . . . . .	 0000000E	 Word
WINDOW_BUFFER_SIZE_RECORD  . . .	 00000004
  dwSize . . . . . . . . . . . .	 00000000	 DWord


Segments and Groups:

                N a m e                 Size     Length   Align   Combine Class

FLAT . . . . . . . . . . . . . .	GROUP
STACK  . . . . . . . . . . . . .	32 Bit	 00001000 Para	  Stack	  'STACK'	 
_DATA  . . . . . . . . . . . . .	32 Bit	 00000620 Para	  Public  'DATA'	
_TEXT  . . . . . . . . . . . . .	32 Bit	 0000024B Para	  Public  'CODE'	


Procedures, parameters, and locals:

                N a m e                 Type     Value    Attr

CloseFile  . . . . . . . . . . .	P Near	 00000000 FLAT	Length= 00000000 External STDCALL
CloseHandle  . . . . . . . . . .	P Near	 00000000 FLAT	Length= 00000000 External STDCALL
Clrscr . . . . . . . . . . . . .	P Near	 00000000 FLAT	Length= 00000000 External STDCALL
CreateFileA  . . . . . . . . . .	P Near	 00000000 FLAT	Length= 00000000 External STDCALL
CreateOutputFile . . . . . . . .	P Near	 00000000 FLAT	Length= 00000000 External STDCALL
Crlf . . . . . . . . . . . . . .	P Near	 00000000 FLAT	Length= 00000000 External STDCALL
Delay  . . . . . . . . . . . . .	P Near	 00000000 FLAT	Length= 00000000 External STDCALL
DumpMem  . . . . . . . . . . . .	P Near	 00000000 FLAT	Length= 00000000 External STDCALL
DumpRegs . . . . . . . . . . . .	P Near	 00000000 FLAT	Length= 00000000 External STDCALL
ExitProcess  . . . . . . . . . .	P Near	 00000000 FLAT	Length= 00000000 External STDCALL
FileTimeToDosDateTime  . . . . .	P Near	 00000000 FLAT	Length= 00000000 External STDCALL
FileTimeToSystemTime . . . . . .	P Near	 00000000 FLAT	Length= 00000000 External STDCALL
FlushConsoleInputBuffer  . . . .	P Near	 00000000 FLAT	Length= 00000000 External STDCALL
FormatMessageA . . . . . . . . .	P Near	 00000000 FLAT	Length= 00000000 External STDCALL
GetCommandLineA  . . . . . . . .	P Near	 00000000 FLAT	Length= 00000000 External STDCALL
GetCommandTail . . . . . . . . .	P Near	 00000000 FLAT	Length= 00000000 External STDCALL
GetConsoleCP . . . . . . . . . .	P Near	 00000000 FLAT	Length= 00000000 External STDCALL
GetConsoleCursorInfo . . . . . .	P Near	 00000000 FLAT	Length= 00000000 External STDCALL
GetConsoleMode . . . . . . . . .	P Near	 00000000 FLAT	Length= 00000000 External STDCALL
GetConsoleScreenBufferInfo . . .	P Near	 00000000 FLAT	Length= 00000000 External STDCALL
GetDateTime  . . . . . . . . . .	P Near	 00000000 FLAT	Length= 00000000 External STDCALL
GetFileTime  . . . . . . . . . .	P Near	 00000000 FLAT	Length= 00000000 External STDCALL
GetKeyState  . . . . . . . . . .	P Near	 00000000 FLAT	Length= 00000000 External STDCALL
GetLastError . . . . . . . . . .	P Near	 00000000 FLAT	Length= 00000000 External STDCALL
GetLocalTime . . . . . . . . . .	P Near	 00000000 FLAT	Length= 00000000 External STDCALL
GetMaxXY . . . . . . . . . . . .	P Near	 00000000 FLAT	Length= 00000000 External STDCALL
GetMseconds  . . . . . . . . . .	P Near	 00000000 FLAT	Length= 00000000 External STDCALL
GetNumberOfConsoleInputEvents  .	P Near	 00000000 FLAT	Length= 00000000 External STDCALL
GetProcessHeap . . . . . . . . .	P Near	 00000000 FLAT	Length= 00000000 External STDCALL
GetStdHandle . . . . . . . . . .	P Near	 00000000 FLAT	Length= 00000000 External STDCALL
GetSystemTime  . . . . . . . . .	P Near	 00000000 FLAT	Length= 00000000 External STDCALL
GetTextColor . . . . . . . . . .	P Near	 00000000 FLAT	Length= 00000000 External STDCALL
GetTickCount . . . . . . . . . .	P Near	 00000000 FLAT	Length= 00000000 External STDCALL
Gotoxy . . . . . . . . . . . . .	P Near	 00000000 FLAT	Length= 00000000 External STDCALL
HeapAlloc  . . . . . . . . . . .	P Near	 00000000 FLAT	Length= 00000000 External STDCALL
HeapCreate . . . . . . . . . . .	P Near	 00000000 FLAT	Length= 00000000 External STDCALL
HeapDestroy  . . . . . . . . . .	P Near	 00000000 FLAT	Length= 00000000 External STDCALL
HeapFree . . . . . . . . . . . .	P Near	 00000000 FLAT	Length= 00000000 External STDCALL
HeapSize . . . . . . . . . . . .	P Near	 00000000 FLAT	Length= 00000000 External STDCALL
IsDigit  . . . . . . . . . . . .	P Near	 00000000 FLAT	Length= 00000000 External STDCALL
LocalFree  . . . . . . . . . . .	P Near	 00000000 FLAT	Length= 00000000 External STDCALL
MessageBoxA  . . . . . . . . . .	P Near	 00000000 FLAT	Length= 00000000 External STDCALL
MsgBoxAsk  . . . . . . . . . . .	P Near	 00000000 FLAT	Length= 00000000 External STDCALL
MsgBox . . . . . . . . . . . . .	P Near	 00000000 FLAT	Length= 00000000 External STDCALL
OpenInputFile  . . . . . . . . .	P Near	 00000000 FLAT	Length= 00000000 External STDCALL
ParseDecimal32 . . . . . . . . .	P Near	 00000000 FLAT	Length= 00000000 External STDCALL
ParseInteger32 . . . . . . . . .	P Near	 00000000 FLAT	Length= 00000000 External STDCALL
PeekConsoleInputA  . . . . . . .	P Near	 00000000 FLAT	Length= 00000000 External STDCALL
Random32 . . . . . . . . . . . .	P Near	 00000000 FLAT	Length= 00000000 External STDCALL
RandomRange  . . . . . . . . . .	P Near	 00000000 FLAT	Length= 00000000 External STDCALL
Randomize  . . . . . . . . . . .	P Near	 00000000 FLAT	Length= 00000000 External STDCALL
ReadChar . . . . . . . . . . . .	P Near	 00000000 FLAT	Length= 00000000 External STDCALL
ReadConsoleA . . . . . . . . . .	P Near	 00000000 FLAT	Length= 00000000 External STDCALL
ReadConsoleInputA  . . . . . . .	P Near	 00000000 FLAT	Length= 00000000 External STDCALL
ReadDec  . . . . . . . . . . . .	P Near	 00000000 FLAT	Length= 00000000 External STDCALL
ReadFile . . . . . . . . . . . .	P Near	 00000000 FLAT	Length= 00000000 External STDCALL
ReadFloat  . . . . . . . . . . .	P Near	 00000000 FLAT	Length= 00000000 External STDCALL
ReadFromFile . . . . . . . . . .	P Near	 00000000 FLAT	Length= 00000000 External STDCALL
ReadHex  . . . . . . . . . . . .	P Near	 00000000 FLAT	Length= 00000000 External STDCALL
ReadInt  . . . . . . . . . . . .	P Near	 00000000 FLAT	Length= 00000000 External STDCALL
ReadKeyFlush . . . . . . . . . .	P Near	 00000000 FLAT	Length= 00000000 External STDCALL
ReadKey  . . . . . . . . . . . .	P Near	 00000000 FLAT	Length= 00000000 External STDCALL
ReadString . . . . . . . . . . .	P Near	 00000000 FLAT	Length= 00000000 External STDCALL
SetConsoleCursorInfo . . . . . .	P Near	 00000000 FLAT	Length= 00000000 External STDCALL
SetConsoleCursorPosition . . . .	P Near	 00000000 FLAT	Length= 00000000 External STDCALL
SetConsoleMode . . . . . . . . .	P Near	 00000000 FLAT	Length= 00000000 External STDCALL
SetConsoleScreenBufferSize . . .	P Near	 00000000 FLAT	Length= 00000000 External STDCALL
SetConsoleTextAttribute  . . . .	P Near	 00000000 FLAT	Length= 00000000 External STDCALL
SetConsoleTitleA . . . . . . . .	P Near	 00000000 FLAT	Length= 00000000 External STDCALL
SetConsoleWindowInfo . . . . . .	P Near	 00000000 FLAT	Length= 00000000 External STDCALL
SetFilePointer . . . . . . . . .	P Near	 00000000 FLAT	Length= 00000000 External STDCALL
SetLocalTime . . . . . . . . . .	P Near	 00000000 FLAT	Length= 00000000 External STDCALL
SetTextColor . . . . . . . . . .	P Near	 00000000 FLAT	Length= 00000000 External STDCALL
ShowFPUStack . . . . . . . . . .	P Near	 00000000 FLAT	Length= 00000000 External STDCALL
Sleep  . . . . . . . . . . . . .	P Near	 00000000 FLAT	Length= 00000000 External STDCALL
StrLength  . . . . . . . . . . .	P Near	 00000000 FLAT	Length= 00000000 External STDCALL
Str_compare  . . . . . . . . . .	P Near	 00000000 FLAT	Length= 00000000 External STDCALL
Str_copy . . . . . . . . . . . .	P Near	 00000000 FLAT	Length= 00000000 External STDCALL
Str_length . . . . . . . . . . .	P Near	 00000000 FLAT	Length= 00000000 External STDCALL
Str_trim . . . . . . . . . . . .	P Near	 00000000 FLAT	Length= 00000000 External STDCALL
Str_ucase  . . . . . . . . . . .	P Near	 00000000 FLAT	Length= 00000000 External STDCALL
SystemTimeToFileTime . . . . . .	P Near	 00000000 FLAT	Length= 00000000 External STDCALL
WaitMsg  . . . . . . . . . . . .	P Near	 00000000 FLAT	Length= 00000000 External STDCALL
WriteBinB  . . . . . . . . . . .	P Near	 00000000 FLAT	Length= 00000000 External STDCALL
WriteBin . . . . . . . . . . . .	P Near	 00000000 FLAT	Length= 00000000 External STDCALL
WriteChar  . . . . . . . . . . .	P Near	 00000000 FLAT	Length= 00000000 External STDCALL
WriteConsoleA  . . . . . . . . .	P Near	 00000000 FLAT	Length= 00000000 External STDCALL
WriteConsoleOutputAttribute  . .	P Near	 00000000 FLAT	Length= 00000000 External STDCALL
WriteConsoleOutputCharacterA . .	P Near	 00000000 FLAT	Length= 00000000 External STDCALL
WriteDec . . . . . . . . . . . .	P Near	 00000000 FLAT	Length= 00000000 External STDCALL
WriteFile  . . . . . . . . . . .	P Near	 00000000 FLAT	Length= 00000000 External STDCALL
WriteFloat . . . . . . . . . . .	P Near	 00000000 FLAT	Length= 00000000 External STDCALL
WriteHexB  . . . . . . . . . . .	P Near	 00000000 FLAT	Length= 00000000 External STDCALL
WriteHex . . . . . . . . . . . .	P Near	 00000000 FLAT	Length= 00000000 External STDCALL
WriteInt . . . . . . . . . . . .	P Near	 00000000 FLAT	Length= 00000000 External STDCALL
WriteStackFrameName  . . . . . .	P Near	 00000000 FLAT	Length= 00000000 External STDCALL
WriteStackFrame  . . . . . . . .	P Near	 00000000 FLAT	Length= 00000000 External STDCALL
WriteString  . . . . . . . . . .	P Near	 00000000 FLAT	Length= 00000000 External STDCALL
WriteToFile  . . . . . . . . . .	P Near	 00000000 FLAT	Length= 00000000 External STDCALL
WriteWindowsMsg  . . . . . . . .	P Near	 00000000 FLAT	Length= 00000000 External STDCALL
countList  . . . . . . . . . . .	P Near	 00000203 _TEXT	Length= 00000038 Public STDCALL
  _countLoop . . . . . . . . . .	L Near	 0000021B _TEXT	
  _noMatch . . . . . . . . . . .	L Near	 0000022A _TEXT	
  _matchFound  . . . . . . . . .	L Near	 00000230 _TEXT	
displayList  . . . . . . . . . .	P Near	 000001B6 _TEXT	Length= 0000004D Public STDCALL
  _displayLoop . . . . . . . . .	L Near	 000001D9 _TEXT	
  _noNewLine . . . . . . . . . .	L Near	 000001F8 _TEXT	
displayMedian  . . . . . . . . .	P Near	 0000015E _TEXT	Length= 00000058 Public STDCALL
  _isEven  . . . . . . . . . . .	L Near	 00000185 _TEXT	
  _dontRound . . . . . . . . . .	L Near	 000001A1 _TEXT	
  _medianFound . . . . . . . . .	L Near	 000001A4 _TEXT	
exchangeElements . . . . . . . .	P Near	 0000014A _TEXT	Length= 00000014 Public STDCALL
fillArray  . . . . . . . . . . .	P Near	 000000E6 _TEXT	Length= 0000002D Public STDCALL
  _fillLoop  . . . . . . . . . .	L Near	 000000F4 _TEXT	
goodbye  . . . . . . . . . . . .	P Near	 0000023B _TEXT	Length= 00000010 Public STDCALL
introduction . . . . . . . . . .	P Near	 000000C3 _TEXT	Length= 00000023 Public STDCALL
main . . . . . . . . . . . . . .	P Near	 00000000 _TEXT	Length= 000000C3 Public STDCALL
printf . . . . . . . . . . . . .	P Near	 00000000 FLAT	Length= 00000000 External C
scanf  . . . . . . . . . . . . .	P Near	 00000000 FLAT	Length= 00000000 External C
sortList . . . . . . . . . . . .	P Near	 00000113 _TEXT	Length= 00000037 Public STDCALL
  _sortLoop  . . . . . . . . . .	L Near	 00000119 _TEXT	
  _exchangeLoop  . . . . . . . .	L Near	 00000127 _TEXT	
  _noExchange  . . . . . . . . .	L Near	 00000139 _TEXT	
wsprintfA  . . . . . . . . . . .	P Near	 00000000 FLAT	Length= 00000000 External C


Symbols:

                N a m e                 Type     Value    Attr

@CodeSize  . . . . . . . . . . .	Number	 00000000h   
@DataSize  . . . . . . . . . . .	Number	 00000000h   
@Interface . . . . . . . . . . .	Number	 00000003h   
@Model . . . . . . . . . . . . .	Number	 00000007h   
@code  . . . . . . . . . . . . .	Text   	 _TEXT
@data  . . . . . . . . . . . . .	Text   	 FLAT
@fardata?  . . . . . . . . . . .	Text   	 FLAT
@fardata . . . . . . . . . . . .	Text   	 FLAT
@stack . . . . . . . . . . . . .	Text   	 FLAT
ALT_MASK . . . . . . . . . . . .	Number	 00000003h   
ARRAYSIZE  . . . . . . . . . . .	Number	 000000C8h   
CAPSLOCK_ON  . . . . . . . . . .	Number	 00000080h   
CREATE_ALWAYS  . . . . . . . . .	Number	 00000002h   
CREATE_NEW . . . . . . . . . . .	Number	 00000001h   
CTRL_MASK  . . . . . . . . . . .	Number	 0000000Ch   
CreateFile . . . . . . . . . . .	Text   	 CreateFileA
DO_NOT_SHARE . . . . . . . . . .	Number	 00000000h   
ENABLE_ECHO_INPUT  . . . . . . .	Number	 00000004h   
ENABLE_LINE_INPUT  . . . . . . .	Number	 00000002h   
ENABLE_MOUSE_INPUT . . . . . . .	Number	 00000010h   
ENABLE_PROCESSED_INPUT . . . . .	Number	 00000001h   
ENABLE_PROCESSED_OUTPUT  . . . .	Number	 00000001h   
ENABLE_WINDOW_INPUT  . . . . . .	Number	 00000008h   
ENABLE_WRAP_AT_EOL_OUTPUT  . . .	Number	 00000002h   
ENHANCED_KEY . . . . . . . . . .	Number	 00000100h   
FALSE  . . . . . . . . . . . . .	Number	 00000000h   
FILE_APPEND_DATA . . . . . . . .	Number	 00000004h   
FILE_ATTRIBUTE_ARCHIVE . . . . .	Number	 00000020h   
FILE_ATTRIBUTE_COMPRESSED  . . .	Number	 00000800h   
FILE_ATTRIBUTE_DEVICE  . . . . .	Number	 00000040h   
FILE_ATTRIBUTE_DIRECTORY . . . .	Number	 00000010h   
FILE_ATTRIBUTE_ENCRYPTED . . . .	Number	 00004000h   
FILE_ATTRIBUTE_HIDDEN  . . . . .	Number	 00000002h   
FILE_ATTRIBUTE_NORMAL  . . . . .	Number	 00000080h   
FILE_ATTRIBUTE_NOT_CONTENT_INDEXED .	Number	 00002000h   
FILE_ATTRIBUTE_OFFLINE . . . . .	Number	 00001000h   
FILE_ATTRIBUTE_READONLY  . . . .	Number	 00000001h   
FILE_ATTRIBUTE_REPARSE_POINT . .	Number	 00000400h   
FILE_ATTRIBUTE_SPARSE_FILE . . .	Number	 00000200h   
FILE_ATTRIBUTE_SYSTEM  . . . . .	Number	 00000004h   
FILE_ATTRIBUTE_TEMPORARY . . . .	Number	 00000100h   
FILE_BEGIN . . . . . . . . . . .	Number	 00000000h   
FILE_CURRENT . . . . . . . . . .	Number	 00000001h   
FILE_DELETE_CHILD  . . . . . . .	Number	 00000040h   
FILE_END . . . . . . . . . . . .	Number	 00000002h   
FILE_READ_DATA . . . . . . . . .	Number	 00000001h   
FILE_SHARE_DELETE  . . . . . . .	Number	 00000004h   
FILE_SHARE_READ  . . . . . . . .	Number	 00000001h   
FILE_SHARE_WRITE . . . . . . . .	Number	 00000002h   
FILE_WRITE_DATA  . . . . . . . .	Number	 00000002h   
FOCUS_EVENT  . . . . . . . . . .	Number	 00000010h   
FORMAT_MESSAGE_ALLOCATE_BUFFER .	Number	 00000100h   
FORMAT_MESSAGE_FROM_SYSTEM . . .	Number	 00001000h   
FormatMessage  . . . . . . . . .	Text   	 FormatMessageA
GENERIC_ALL  . . . . . . . . . .	Number	 10000000h   
GENERIC_EXECUTE  . . . . . . . .	Number	 20000000h   
GENERIC_READ . . . . . . . . . .	Number	 -80000000h   
GENERIC_WRITE  . . . . . . . . .	Number	 40000000h   
GetCommandLine . . . . . . . . .	Text   	 GetCommandLineA
HANDLE . . . . . . . . . . . . .	Text   	 DWORD
HEAP_GENERATE_EXCEPTIONS . . . .	Number	 00000004h   
HEAP_GROWABLE  . . . . . . . . .	Number	 00000002h   
HEAP_NO_SERIALIZE  . . . . . . .	Number	 00000001h   
HEAP_REALLOC_IN_PLACE_ONLY . . .	Number	 00000010h   
HEAP_ZERO_MEMORY . . . . . . . .	Number	 00000008h   
HI . . . . . . . . . . . . . . .	Number	 00000032h   
IDABORT  . . . . . . . . . . . .	Number	 00000003h   
IDCANCEL . . . . . . . . . . . .	Number	 00000002h   
IDCLOSE  . . . . . . . . . . . .	Number	 00000008h   
IDCONTINUE . . . . . . . . . . .	Number	 0000000Bh   
IDHELP . . . . . . . . . . . . .	Number	 00000009h   
IDIGNORE . . . . . . . . . . . .	Number	 00000005h   
IDNO . . . . . . . . . . . . . .	Number	 00000007h   
IDOK . . . . . . . . . . . . . .	Number	 00000001h   
IDRETRY  . . . . . . . . . . . .	Number	 00000004h   
IDTIMEOUT  . . . . . . . . . . .	Number	 00007D00h   
IDTRYAGAIN . . . . . . . . . . .	Number	 0000000Ah   
IDYES  . . . . . . . . . . . . .	Number	 00000006h   
INVALID_HANDLE_VALUE . . . . . .	Number	 -00000001h   
KBDOWN_FLAG  . . . . . . . . . .	Number	 00000001h   
KEY_EVENT  . . . . . . . . . . .	Number	 00000001h   
KEY_MASKS  . . . . . . . . . . .	Number	 0000001Fh   
LEFT_ALT_PRESSED . . . . . . . .	Number	 00000002h   
LEFT_CTRL_PRESSED  . . . . . . .	Number	 00000008h   
LO . . . . . . . . . . . . . . .	Number	 0000000Fh   
MB_ABORTRETRYIGNORE  . . . . . .	Number	 00000002h   
MB_APPLMODAL . . . . . . . . . .	Number	 00000000h   
MB_CANCELTRYCONTINUE . . . . . .	Number	 00000006h   
MB_DEFBUTTON1  . . . . . . . . .	Number	 00000000h   
MB_DEFBUTTON2  . . . . . . . . .	Number	 00000100h   
MB_DEFBUTTON3  . . . . . . . . .	Number	 00000200h   
MB_DEFBUTTON4  . . . . . . . . .	Number	 00000300h   
MB_HELP  . . . . . . . . . . . .	Number	 00004000h   
MB_ICONASTERISK  . . . . . . . .	Number	 00000040h   
MB_ICONERROR . . . . . . . . . .	Number	 00000010h   
MB_ICONEXCLAMATION . . . . . . .	Number	 00000030h   
MB_ICONHAND  . . . . . . . . . .	Number	 00000010h   
MB_ICONINFORMATION . . . . . . .	Number	 00000040h   
MB_ICONQUESTION  . . . . . . . .	Number	 00000020h   
MB_ICONSTOP  . . . . . . . . . .	Number	 00000010h   
MB_ICONWARNING . . . . . . . . .	Number	 00000030h   
MB_OKCANCEL  . . . . . . . . . .	Number	 00000001h   
MB_OK  . . . . . . . . . . . . .	Number	 00000000h   
MB_RETRYCANCEL . . . . . . . . .	Number	 00000005h   
MB_SYSTEMMODAL . . . . . . . . .	Number	 00001000h   
MB_TASKMODAL . . . . . . . . . .	Number	 00002000h   
MB_USERICON  . . . . . . . . . .	Number	 00000080h   
MB_YESNOCANCEL . . . . . . . . .	Number	 00000003h   
MB_YESNO . . . . . . . . . . . .	Number	 00000004h   
MENU_EVENT . . . . . . . . . . .	Number	 00000008h   
MOUSE_EVENT  . . . . . . . . . .	Number	 00000002h   
MessageBox . . . . . . . . . . .	Text   	 MessageBoxA
NULL . . . . . . . . . . . . . .	Number	 00000000h   
NUMLOCK_ON . . . . . . . . . . .	Number	 00000020h   
OPEN_ALWAYS  . . . . . . . . . .	Number	 00000004h   
OPEN_EXISTING  . . . . . . . . .	Number	 00000003h   
PeekConsoleInput . . . . . . . .	Text   	 PeekConsoleInputA
RIGHT_ALT_PRESSED  . . . . . . .	Number	 00000001h   
RIGHT_CTRL_PRESSED . . . . . . .	Number	 00000004h   
ReadConsoleInput . . . . . . . .	Text   	 ReadConsoleInputA
ReadConsole  . . . . . . . . . .	Text   	 ReadConsoleA
SCROLLLOCK_ON  . . . . . . . . .	Number	 00000040h   
SHIFT_MASK . . . . . . . . . . .	Number	 00000010h   
SHIFT_PRESSED  . . . . . . . . .	Number	 00000010h   
STD_ERROR_HANDLE . . . . . . . .	Number	 -0000000Ch   
STD_INPUT_HANDLE . . . . . . . .	Number	 -0000000Ah   
STD_OUTPUT_HANDLE  . . . . . . .	Number	 -0000000Bh   
SetConsoleTitle  . . . . . . . .	Text   	 SetConsoleTitleA
TAB  . . . . . . . . . . . . . .	Number	 00000009h   
TRUE . . . . . . . . . . . . . .	Number	 00000001h   
TRUNCATE_EXISTING  . . . . . . .	Number	 00000005h   
VK_11  . . . . . . . . . . . . .	Number	 000000BDh   
VK_12  . . . . . . . . . . . . .	Number	 000000BBh   
VK_ADD . . . . . . . . . . . . .	Number	 0000006Bh   
VK_BACK  . . . . . . . . . . . .	Number	 00000008h   
VK_CANCEL  . . . . . . . . . . .	Number	 00000003h   
VK_CAPITAL . . . . . . . . . . .	Number	 00000014h   
VK_CLEAR . . . . . . . . . . . .	Number	 0000000Ch   
VK_CONTROL . . . . . . . . . . .	Number	 00000011h   
VK_DECIMAL . . . . . . . . . . .	Number	 0000006Eh   
VK_DELETE  . . . . . . . . . . .	Number	 0000002Eh   
VK_DIVIDE  . . . . . . . . . . .	Number	 0000006Fh   
VK_DOWN  . . . . . . . . . . . .	Number	 00000028h   
VK_END . . . . . . . . . . . . .	Number	 00000023h   
VK_ESCAPE  . . . . . . . . . . .	Number	 0000001Bh   
VK_EXECUTE . . . . . . . . . . .	Number	 0000002Bh   
VK_F10 . . . . . . . . . . . . .	Number	 00000079h   
VK_F11 . . . . . . . . . . . . .	Number	 0000007Ah   
VK_F12 . . . . . . . . . . . . .	Number	 0000007Bh   
VK_F13 . . . . . . . . . . . . .	Number	 0000007Ch   
VK_F14 . . . . . . . . . . . . .	Number	 0000007Dh   
VK_F15 . . . . . . . . . . . . .	Number	 0000007Eh   
VK_F16 . . . . . . . . . . . . .	Number	 0000007Fh   
VK_F17 . . . . . . . . . . . . .	Number	 00000080h   
VK_F18 . . . . . . . . . . . . .	Number	 00000081h   
VK_F19 . . . . . . . . . . . . .	Number	 00000082h   
VK_F1  . . . . . . . . . . . . .	Number	 00000070h   
VK_F20 . . . . . . . . . . . . .	Number	 00000083h   
VK_F21 . . . . . . . . . . . . .	Number	 00000084h   
VK_F22 . . . . . . . . . . . . .	Number	 00000085h   
VK_F23 . . . . . . . . . . . . .	Number	 00000086h   
VK_F24 . . . . . . . . . . . . .	Number	 00000087h   
VK_F2  . . . . . . . . . . . . .	Number	 00000071h   
VK_F3  . . . . . . . . . . . . .	Number	 00000072h   
VK_F4  . . . . . . . . . . . . .	Number	 00000073h   
VK_F5  . . . . . . . . . . . . .	Number	 00000074h   
VK_F6  . . . . . . . . . . . . .	Number	 00000075h   
VK_F7  . . . . . . . . . . . . .	Number	 00000076h   
VK_F8  . . . . . . . . . . . . .	Number	 00000077h   
VK_F9  . . . . . . . . . . . . .	Number	 00000078h   
VK_HELP  . . . . . . . . . . . .	Number	 0000002Fh   
VK_HOME  . . . . . . . . . . . .	Number	 00000024h   
VK_INSERT  . . . . . . . . . . .	Number	 0000002Dh   
VK_LBUTTON . . . . . . . . . . .	Number	 00000001h   
VK_LCONTROL  . . . . . . . . . .	Number	 000000A2h   
VK_LEFT  . . . . . . . . . . . .	Number	 00000025h   
VK_LMENU . . . . . . . . . . . .	Number	 000000A4h   
VK_LSHIFT  . . . . . . . . . . .	Number	 000000A0h   
VK_MENU  . . . . . . . . . . . .	Number	 00000012h   
VK_MULTIPLY  . . . . . . . . . .	Number	 0000006Ah   
VK_NEXT  . . . . . . . . . . . .	Number	 00000022h   
VK_NUMLOCK . . . . . . . . . . .	Number	 00000090h   
VK_NUMPAD0 . . . . . . . . . . .	Number	 00000060h   
VK_NUMPAD1 . . . . . . . . . . .	Number	 00000061h   
VK_NUMPAD2 . . . . . . . . . . .	Number	 00000062h   
VK_NUMPAD3 . . . . . . . . . . .	Number	 00000063h   
VK_NUMPAD4 . . . . . . . . . . .	Number	 00000064h   
VK_NUMPAD5 . . . . . . . . . . .	Number	 00000065h   
VK_NUMPAD6 . . . . . . . . . . .	Number	 00000066h   
VK_NUMPAD7 . . . . . . . . . . .	Number	 00000067h   
VK_NUMPAD8 . . . . . . . . . . .	Number	 00000068h   
VK_NUMPAD9 . . . . . . . . . . .	Number	 00000069h   
VK_PAUSE . . . . . . . . . . . .	Number	 00000013h   
VK_PRINT . . . . . . . . . . . .	Number	 0000002Ah   
VK_PRIOR . . . . . . . . . . . .	Number	 00000021h   
VK_RBUTTON . . . . . . . . . . .	Number	 00000002h   
VK_RCONTROL  . . . . . . . . . .	Number	 000000A3h   
VK_RETURN  . . . . . . . . . . .	Number	 0000000Dh   
VK_RIGHT . . . . . . . . . . . .	Number	 00000027h   
VK_RMENU . . . . . . . . . . . .	Number	 000000A5h   
VK_RSHIFT  . . . . . . . . . . .	Number	 000000A1h   
VK_SCROLL  . . . . . . . . . . .	Number	 00000091h   
VK_SEPARATER . . . . . . . . . .	Number	 0000006Ch   
VK_SHIFT . . . . . . . . . . . .	Number	 00000010h   
VK_SNAPSHOT  . . . . . . . . . .	Number	 0000002Ch   
VK_SPACE . . . . . . . . . . . .	Number	 00000020h   
VK_SUBTRACT  . . . . . . . . . .	Number	 0000006Dh   
VK_TAB . . . . . . . . . . . . .	Number	 00000009h   
VK_UP  . . . . . . . . . . . . .	Number	 00000026h   
WINDOW_BUFFER_SIZE_EVENT . . . .	Number	 00000004h   
WriteConsoleOutputCharacter  . .	Text   	 WriteConsoleOutputCharacterA
WriteConsole . . . . . . . . . .	Text   	 WriteConsoleA
arrayLength  . . . . . . . . . .	DWord	 0000061C _DATA	
black  . . . . . . . . . . . . .	Number	 00000000h   
blue . . . . . . . . . . . . . .	Number	 00000001h   
brown  . . . . . . . . . . . . .	Number	 00000006h   
countArray . . . . . . . . . . .	DWord	 00000588 _DATA	
countLength  . . . . . . . . . .	DWord	 00000618 _DATA	
cyan . . . . . . . . . . . . . .	Number	 00000003h   
exit . . . . . . . . . . . . . .	Text   	 INVOKE ExitProcess,0
gray . . . . . . . . . . . . . .	Number	 00000008h   
green  . . . . . . . . . . . . .	Number	 00000002h   
instanceString . . . . . . . . .	Byte	 00000509 _DATA	
intro1 . . . . . . . . . . . . .	Byte	 00000000 _DATA	
intro2 . . . . . . . . . . . . .	Byte	 0000009A _DATA	
lightBlue  . . . . . . . . . . .	Number	 00000009h   
lightCyan  . . . . . . . . . . .	Number	 0000000Bh   
lightGray  . . . . . . . . . . .	Number	 00000007h   
lightGreen . . . . . . . . . . .	Number	 0000000Ah   
lightMagenta . . . . . . . . . .	Number	 0000000Dh   
lightRed . . . . . . . . . . . .	Number	 0000000Ch   
magenta  . . . . . . . . . . . .	Number	 00000005h   
medianString . . . . . . . . . .	Byte	 000004CD _DATA	
outtro . . . . . . . . . . . . .	Byte	 0000055C _DATA	
randArray  . . . . . . . . . . .	DWord	 0000018D _DATA	
red  . . . . . . . . . . . . . .	Number	 00000004h   
sortedString . . . . . . . . . .	Byte	 000004ED _DATA	
space  . . . . . . . . . . . . .	Byte	 000004AD _DATA	
unsortedString . . . . . . . . .	Byte	 000004AF _DATA	
white  . . . . . . . . . . . . .	Number	 0000000Fh   
wsprintf . . . . . . . . . . . .	Text   	 wsprintfA
yellow . . . . . . . . . . . . .	Number	 0000000Eh   

	   0 Warnings
	   0 Errors
